<?xml version="1.0" encoding="UTF-8"?>
<!-- Generated by org.testng.reporters.JUnitXMLReporter -->
<testsuite hostname="GCND8251LFTE" ignored="0" name="Default test" tests="3" failures="0" timestamp="2019-02-26T14:59:13 GMT-08:00" time="0.053" errors="0">
  <testcase name="@BeforeClass beforeClass" time="-1.551221953248E9" classname="web.FirstSample">
    <failure type="org.testng.TestNGException" message="
Parameter &amp;apos;browser&amp;apos; is required by BeforeClass on method beforeClass but has not been marked @Optional or defined
in C:\Users\503068424\AppData\Local\Temp\testng-eclipse--2047076634\testng-customsuite.xml">
      <![CDATA[org.testng.TestNGException: 
Parameter 'browser' is required by BeforeClass on method beforeClass but has not been marked @Optional or defined
in C:\Users\503068424\AppData\Local\Temp\testng-eclipse--2047076634\testng-customsuite.xml
at org.testng.internal.Parameters.createParams(Parameters.java:323)
at org.testng.internal.Parameters.createParametersForMethod(Parameters.java:411)
at org.testng.internal.Parameters.createParameters(Parameters.java:734)
at org.testng.internal.Parameters.createConfigurationParameters(Parameters.java:197)
at org.testng.internal.Invoker.invokeConfigurations(Invoker.java:222)
at org.testng.internal.Invoker.invokeConfigurations(Invoker.java:144)
at org.testng.internal.TestMethodWorker.invokeBeforeClassMethods(TestMethodWorker.java:173)
at org.testng.internal.TestMethodWorker.run(TestMethodWorker.java:118)
at org.testng.TestRunner.privateRun(TestRunner.java:739)
at org.testng.TestRunner.run(TestRunner.java:589)
at org.testng.SuiteRunner.runTest(SuiteRunner.java:398)
at org.testng.SuiteRunner.runSequentially(SuiteRunner.java:392)
at org.testng.SuiteRunner.privateRun(SuiteRunner.java:354)
at org.testng.SuiteRunner.run(SuiteRunner.java:302)
at org.testng.SuiteRunnerWorker.runSuite(SuiteRunnerWorker.java:53)
at org.testng.SuiteRunnerWorker.run(SuiteRunnerWorker.java:96)
at org.testng.TestNG.runSuitesSequentially(TestNG.java:1145)
at org.testng.TestNG.runSuitesLocally(TestNG.java:1067)
at org.testng.TestNG.runSuites(TestNG.java:997)
at org.testng.TestNG.run(TestNG.java:965)
at org.testng.remote.AbstractRemoteTestNG.run(AbstractRemoteTestNG.java:115)
at org.testng.remote.RemoteTestNG.initAndRun(RemoteTestNG.java:251)
at org.testng.remote.RemoteTestNG.main(RemoteTestNG.java:77)
]]>
    </failure>
  </testcase> <!-- @BeforeClass beforeClass -->
  <testcase name="@AfterClass afterClass" time="-1.551221953284E9" classname="web.FirstSample">
    <skipped/>
  </testcase> <!-- @AfterClass afterClass -->
  <testcase name="ssoLogin" time="0.0" classname="web.FirstSample">
    <skipped/>
  </testcase> <!-- ssoLogin -->
  <testcase name="homePage" time="0.0" classname="web.FirstSample">
    <skipped/>
  </testcase> <!-- homePage -->
  <testcase name="searchWeather" time="0.0" classname="web.FirstSample">
    <skipped/>
  </testcase> <!-- searchWeather -->
</testsuite> <!-- Default test -->
